<?xml version="1.0" encoding="UTF-8"?>
<!-- Generated by org.testng.reporters.JUnitReportReporter -->
<testsuite hostname="DESKTOP-M1FTTAV" failures="0" tests="1" name="com.crm.campaign.Campaignwithproduct" time="37.657" errors="0" timestamp="2022-10-06T11:13:43 IST" skipped="0">
  <testcase classname="com.crm.campaign.Campaignwithproduct" name="CampaignWithProuct" time="37.657"/>
  <system-out/>
</testsuite> <!-- com.crm.campaign.Campaignwithproduct -->
