<?xml version="1.0" encoding="UTF-8"?>
<!-- Generated by org.testng.reporters.JUnitReportReporter -->
<testsuite hostname="DESKTOP-M1FTTAV" failures="0" tests="2" name="practice.Runtimeparameters" time="30.997" errors="0" timestamp="2022-10-11T10:56:35 IST" skipped="0">
  <testcase classname="practice.Runtimeparameters" name="method" time="30.992"/>
  <system-out/>
  <testcase classname="practice.Runtimeparameters" name="method1" time="0.005"/>
  <system-out/>
</testsuite> <!-- practice.Runtimeparameters -->
