<?xml version="1.0" encoding="UTF-8"?>
<!-- Generated by org.testng.reporters.JUnitReportReporter -->
<testsuite hostname="DESKTOP-M1FTTAV" failures="0" tests="1" name="com.crm.product.Createproducttest" time="25.117" errors="0" timestamp="2022-10-10T15:21:21 IST" skipped="0">
  <testcase classname="com.crm.product.Createproducttest" name="CreateProducttest" time="25.117"/>
  <system-out/>
</testsuite> <!-- com.crm.product.Createproducttest -->
